Limit  (cost=5.54..5.55 rows=1 width=64) (actual time=0.636..0.640 rows=2 loops=1)
  Buffers: shared hit=2 read=3
  ->  Sort  (cost=5.54..5.55 rows=1 width=64) (actual time=0.615..0.616 rows=2 loops=1)
        Sort Key: o.created_at DESC
        Sort Method: quicksort  Memory: 25kB
        Buffers: shared hit=2 read=3
        ->  Nested Loop Left Join  (cost=0.42..5.54 rows=1 width=64) (actual time=0.486..0.490 rows=2 loops=1)
              Join Filter: (oi.order_id = o.id)
              Rows Removed by Join Filter: 2
              Buffers: shared hit=2 read=3
"              ->  Index Scan using ""IDX_orders_user_id"" on orders o  (cost=0.42..4.45 rows=1 width=44) (actual time=0.376..0.377 rows=1 loops=1)"
                    Index Cond: (user_id = '2bfafba6-1c4b-42d2-9000-0a8e89b3f37d'::uuid)
                    Filter: ((created_at >= '2026-01-01 00:00:00+00'::timestamp with time zone) AND (created_at <= '2026-10-02 00:00:00+00'::timestamp with time zone) AND (status = 'CREATED'::orders_status_enum))
                    Buffers: shared hit=1 read=3
              ->  Seq Scan on order_items oi  (cost=0.00..1.04 rows=4 width=36) (actual time=0.073..0.074 rows=4 loops=1)
                    Buffers: shared hit=1
Planning:
  Buffers: shared hit=34 read=5
Planning Time: 4.490 ms
Execution Time: 1.000 ms

