Limit  (cost=5744.88..5744.89 rows=1 width=64) (actual time=22.334..24.541 rows=2 loops=1)
  Buffers: shared hit=3081
  ->  Sort  (cost=5744.88..5744.89 rows=1 width=64) (actual time=22.332..24.539 rows=2 loops=1)
        Sort Key: o.created_at DESC
        Sort Method: quicksort  Memory: 25kB
        Buffers: shared hit=3081
        ->  Nested Loop Left Join  (cost=1000.00..5744.87 rows=1 width=64) (actual time=1.481..24.520 rows=2 loops=1)
              Join Filter: (oi.order_id = o.id)
              Rows Removed by Join Filter: 2
              Buffers: shared hit=3078
              ->  Gather  (cost=1000.00..5743.78 rows=1 width=44) (actual time=1.474..24.510 rows=1 loops=1)
                    Workers Planned: 2
                    Workers Launched: 2
                    Buffers: shared hit=3077
                    ->  Parallel Seq Scan on orders o  (cost=0.00..4743.68 rows=1 width=44) (actual time=6.696..13.609 rows=0 loops=3)
                          Filter: ((created_at >= '2026-01-01 00:00:00+00'::timestamp with time zone) AND (created_at <= '2026-10-02 00:00:00+00'::timestamp with time zone) AND (user_id = '2bfafba6-1c4b-42d2-9000-0a8e89b3f37d'::uuid) AND (status = 'CREATED'::orders_status_enum))
                          Rows Removed by Filter: 66667
                          Buffers: shared hit=3077
              ->  Seq Scan on order_items oi  (cost=0.00..1.04 rows=4 width=36) (actual time=0.005..0.006 rows=4 loops=1)
                    Buffers: shared hit=1
Planning:
  Buffers: shared hit=258
Planning Time: 0.910 ms
Execution Time: 24.578 ms


